#! /usr/bin/vvp
:ivl_version "10.1 (stable)" "(v10_1)";
:ivl_delay_selection "TYPICAL";
:vpi_time_precision + 0;
:vpi_module "system";
:vpi_module "vhdl_sys";
:vpi_module "v2005_math";
:vpi_module "va_math";
S_0x1c04b40 .scope module, "mux2" "mux2" 2 2;
 .timescale 0 0;
    .port_info 0 /INPUT 8 "a"
    .port_info 1 /INPUT 8 "b"
    .port_info 2 /INPUT 1 "sel"
    .port_info 3 /OUTPUT 8 "f"
o0x7f97bc3fd018 .functor BUFZ 8, C4<zzzzzzzz>; HiZ drive
v0x1c04d50_0 .net "a", 7 0, o0x7f97bc3fd018;  0 drivers
o0x7f97bc3fd048 .functor BUFZ 8, C4<zzzzzzzz>; HiZ drive
v0x1c5ae50_0 .net "b", 7 0, o0x7f97bc3fd048;  0 drivers
v0x1c5af30_0 .net "f", 7 0, L_0x1c5b190;  1 drivers
o0x7f97bc3fd0a8 .functor BUFZ 1, C4<z>; HiZ drive
v0x1c5b020_0 .net "sel", 0 0, o0x7f97bc3fd0a8;  0 drivers
L_0x1c5b190 .functor MUXZ 8, o0x7f97bc3fd018, o0x7f97bc3fd048, o0x7f97bc3fd0a8, C4<>;
# The file index is used to find the file name in the following table.
:file_names 3;
    "N/A";
    "<interactive>";
    "mux2.v";
